#
# There is insufficient memory for the Java Runtime Environment to continue.
# Native memory allocation (malloc) failed to allocate 1280336 bytes for Chunk::new
# Possible reasons:
#   The system is out of physical RAM or swap space
#   The process is running with CompressedOops enabled, and the Java Heap may be blocking the growth of the native heap
# Possible solutions:
#   Reduce memory load on the system
#   Increase physical memory or swap space
#   Check if swap backing store is full
#   Decrease Java heap size (-Xmx/-Xms)
#   Decrease number of Java threads
#   Decrease Java thread stack sizes (-Xss)
#   Set larger code cache with -XX:ReservedCodeCacheSize=
#   JVM is running with Unscaled Compressed Oops mode in which the Java heap is
#     placed in the first 4GB address space. The Java Heap base address is the
#     maximum limit for the native heap growth. Please use -XX:HeapBaseMinAddress
#     to set the Java Heap base and to place the Java Heap above 4GB virtual address.
# This output file may be truncated or incomplete.
#
#  Out of Memory Error (./src/hotspot/share/memory/arena.cpp:197), pid=14352, tid=4316
#
# JRE version: OpenJDK Runtime Environment 18.9 (11.0.15+10) (build 11.0.15+10)
# Java VM: OpenJDK 64-Bit Server VM 18.9 (11.0.15+10, mixed mode, tiered, compressed oops, g1 gc, windows-amd64)
# No core dump will be written. Minidumps are not enabled by default on client versions of Windows
#

---------------  S U M M A R Y ------------

Command Line: -XX:MaxMetaspaceSize=512m --add-opens=java.base/java.util=ALL-UNNAMED --add-opens=java.base/java.lang=ALL-UNNAMED --add-opens=java.base/java.lang.invoke=ALL-UNNAMED --add-opens=java.base/java.util=ALL-UNNAMED --add-opens=java.prefs/java.util.prefs=ALL-UNNAMED --add-opens=java.prefs/java.util.prefs=ALL-UNNAMED --add-opens=java.base/java.nio.charset=ALL-UNNAMED --add-opens=java.base/java.net=ALL-UNNAMED --add-opens=java.base/java.util.concurrent.atomic=ALL-UNNAMED -Xmx2048m -Dfile.encoding=x-windows-949 -Duser.country=KR -Duser.language=ko -Duser.variant org.gradle.launcher.daemon.bootstrap.GradleDaemon 7.5.1

Host: Intel(R) Core(TM) i5-8265U CPU @ 1.60GHz, 8 cores, 7G,  Windows 11 , 64 bit Build 22621 (10.0.22621.963)
Time: Sun Jan  8 05:16:57 2023  Windows 11 , 64 bit Build 22621 (10.0.22621.963) elapsed time: 4.510791 seconds (0d 0h 0m 4s)

---------------  T H R E A D  ---------------

Current thread (0x00000180b2fa6000):  JavaThread "C2 CompilerThread1" daemon [_thread_in_native, id=4316, stack(0x000000361ec00000,0x000000361ed00000)]


Current CompileTask:
C2:   4510 1974   !   4       java.lang.ClassLoader::loadClass (122 bytes)

Stack: [0x000000361ec00000,0x000000361ed00000]
Native frames: (J=compiled Java code, j=interpreted, Vv=VM code, C=native code)
V  [jvm.dll+0x64dd3a]
V  [jvm.dll+0x7906c9]
V  [jvm.dll+0x791d9c]
V  [jvm.dll+0x792463]
V  [jvm.dll+0x265048]
V  [jvm.dll+0xc9da1]
V  [jvm.dll+0xca35c]
V  [jvm.dll+0x37c167]
V  [jvm.dll+0x347153]
V  [jvm.dll+0x34647a]
V  [jvm.dll+0x21e085]
V  [jvm.dll+0x21d25a]
V  [jvm.dll+0x19dd21]
V  [jvm.dll+0x22cc80]
V  [jvm.dll+0x22af81]
V  [jvm.dll+0x75254c]
V  [jvm.dll+0x74b12d]
V  [jvm.dll+0x64c8a6]
C  [ucrtbase.dll+0x29363]
C  [KERNEL32.DLL+0x126bd]
C  [ntdll.dll+0x5dfb8]


---------------  P R O C E S S  ---------------

Threads class SMR info:
_java_thread_list=0x00000180b58fad10, length=24, elements={
0x0000018092704800, 0x00000180b17ce000, 0x00000180b17c3000, 0x00000180b17ed000,
0x00000180b17ee000, 0x00000180b17f1000, 0x00000180b17f4800, 0x00000180b17f5800,
0x00000180b24f5000, 0x00000180b2661000, 0x00000180b4234800, 0x00000180b3f35800,
0x00000180b4bfb800, 0x00000180b4132800, 0x00000180b4442800, 0x00000180b4443000,
0x00000180b4b49800, 0x00000180b43b6000, 0x00000180b43b7000, 0x00000180b2fa5800,
0x00000180b2fa6000, 0x00000180b5211000, 0x00000180b5212000, 0x00000180b5213800
}

Java Threads: ( => current thread )
  0x0000018092704800 JavaThread "main" [_thread_blocked, id=8364, stack(0x000000361cf00000,0x000000361d000000)]
  0x00000180b17ce000 JavaThread "Reference Handler" daemon [_thread_blocked, id=14380, stack(0x000000361d600000,0x000000361d700000)]
  0x00000180b17c3000 JavaThread "Finalizer" daemon [_thread_blocked, id=17456, stack(0x000000361d700000,0x000000361d800000)]
  0x00000180b17ed000 JavaThread "Signal Dispatcher" daemon [_thread_blocked, id=8708, stack(0x000000361d800000,0x000000361d900000)]
  0x00000180b17ee000 JavaThread "Attach Listener" daemon [_thread_blocked, id=8180, stack(0x000000361d900000,0x000000361da00000)]
  0x00000180b17f1000 JavaThread "Service Thread" daemon [_thread_blocked, id=7556, stack(0x000000361da00000,0x000000361db00000)]
  0x00000180b17f4800 JavaThread "C2 CompilerThread0" daemon [_thread_in_native, id=724, stack(0x000000361db00000,0x000000361dc00000)]
  0x00000180b17f5800 JavaThread "C1 CompilerThread0" daemon [_thread_blocked, id=9456, stack(0x000000361dc00000,0x000000361dd00000)]
  0x00000180b24f5000 JavaThread "Sweeper thread" daemon [_thread_blocked, id=17504, stack(0x000000361dd00000,0x000000361de00000)]
  0x00000180b2661000 JavaThread "Common-Cleaner" daemon [_thread_blocked, id=18808, stack(0x000000361de00000,0x000000361df00000)]
  0x00000180b4234800 JavaThread "Daemon health stats" [_thread_blocked, id=8188, stack(0x000000361e300000,0x000000361e400000)]
  0x00000180b3f35800 JavaThread "Incoming local TCP Connector on port 58427" [_thread_in_native, id=12396, stack(0x000000361e000000,0x000000361e100000)]
  0x00000180b4bfb800 JavaThread "Daemon periodic checks" [_thread_blocked, id=19520, stack(0x000000361e400000,0x000000361e500000)]
  0x00000180b4132800 JavaThread "Daemon" [_thread_blocked, id=4432, stack(0x000000361e500000,0x000000361e600000)]
  0x00000180b4442800 JavaThread "Handler for socket connection from /127.0.0.1:58427 to /127.0.0.1:58428" [_thread_in_native, id=156, stack(0x000000361e600000,0x000000361e700000)]
  0x00000180b4443000 JavaThread "Cancel handler" [_thread_blocked, id=13224, stack(0x000000361e700000,0x000000361e800000)]
  0x00000180b4b49800 JavaThread "Daemon worker" [_thread_in_vm, id=19712, stack(0x000000361e800000,0x000000361e900000)]
  0x00000180b43b6000 JavaThread "Asynchronous log dispatcher for DefaultDaemonConnection: socket connection from /127.0.0.1:58427 to /127.0.0.1:58428" [_thread_blocked, id=15776, stack(0x000000361e900000,0x000000361ea00000)]
  0x00000180b43b7000 JavaThread "Stdin handler" [_thread_blocked, id=15988, stack(0x000000361ea00000,0x000000361eb00000)]
  0x00000180b2fa5800 JavaThread "Daemon client event forwarder" [_thread_blocked, id=16588, stack(0x000000361eb00000,0x000000361ec00000)]
=>0x00000180b2fa6000 JavaThread "C2 CompilerThread1" daemon [_thread_in_native, id=4316, stack(0x000000361ec00000,0x000000361ed00000)]
  0x00000180b5211000 JavaThread "Cache worker for journal cache (C:\Users\min01\.gradle\caches\journal-1)" [_thread_blocked, id=19748, stack(0x000000361f200000,0x000000361f300000)]
  0x00000180b5212000 JavaThread "File lock request listener" [_thread_in_native, id=19480, stack(0x000000361f300000,0x000000361f400000)]
  0x00000180b5213800 JavaThread "Cache worker for file hash cache (C:\Users\min01\.gradle\caches\7.5.1\fileHashes)" [_thread_blocked, id=14944, stack(0x000000361f400000,0x000000361f500000)]

Other Threads:
  0x00000180b17b7800 VMThread "VM Thread" [stack: 0x000000361d500000,0x000000361d600000] [id=14580]
  0x00000180b2696000 WatcherThread [stack: 0x000000361df00000,0x000000361e000000] [id=556]
  0x000001809271e000 GCTaskThread "GC Thread#0" [stack: 0x000000361d000000,0x000000361d100000] [id=11568]
  0x00000180b368b800 GCTaskThread "GC Thread#1" [stack: 0x000000361e100000,0x000000361e200000] [id=14784]
  0x00000180b2c3a800 GCTaskThread "GC Thread#2" [stack: 0x000000361e200000,0x000000361e300000] [id=18468]
  0x00000180b3890800 GCTaskThread "GC Thread#3" [stack: 0x000000361ed00000,0x000000361ee00000] [id=1472]
  0x00000180b521a800 GCTaskThread "GC Thread#4" [stack: 0x000000361ee00000,0x000000361ef00000] [id=2708]
  0x00000180b4b4a800 GCTaskThread "GC Thread#5" [stack: 0x000000361ef00000,0x000000361f000000] [id=19692]
  0x00000180b49d0000 GCTaskThread "GC Thread#6" [stack: 0x000000361f000000,0x000000361f100000] [id=8320]
  0x00000180b4133800 GCTaskThread "GC Thread#7" [stack: 0x000000361f100000,0x000000361f200000] [id=13156]
  0x000001809274f800 ConcurrentGCThread "G1 Main Marker" [stack: 0x000000361d100000,0x000000361d200000] [id=6528]
  0x0000018092750800 ConcurrentGCThread "G1 Conc#0" [stack: 0x000000361d200000,0x000000361d300000] [id=19616]
  0x00000180b4ab2800 ConcurrentGCThread "G1 Conc#1" [stack: 0x000000361f500000,0x000000361f600000] [id=13600]
  0x00000180927ce000 ConcurrentGCThread "G1 Refine#0" [stack: 0x000000361d300000,0x000000361d400000] [id=16040]
  0x00000180b1626800 ConcurrentGCThread "G1 Young RemSet Sampling" [stack: 0x000000361d400000,0x000000361d500000] [id=7724]

Threads with active compile tasks:
C2 CompilerThread0     4554 2012       4       sun.reflect.generics.parser.SignatureParser::skipIdentifier (67 bytes)
C2 CompilerThread1     4554 1974   !   4       java.lang.ClassLoader::loadClass (122 bytes)

VM state:not at safepoint (normal execution)

VM Mutex/Monitor currently owned by a thread: None

Heap address: 0x0000000080000000, size: 2048 MB, Compressed Oops mode: 32-bit
Narrow klass base: 0x0000000000000000, Narrow klass shift: 3
Compressed class space size: 528482304 Address: 0x0000000100000000

Heap:
 garbage-first heap   total 129024K, used 28120K [0x0000000080000000, 0x0000000100000000)
  region size 1024K, 13 young (13312K), 2 survivors (2048K)
 Metaspace       used 21998K, capacity 22554K, committed 22832K, reserved 544768K
  class space    used 2704K, capacity 2870K, committed 2944K, reserved 516096K
Heap Regions: E=young(eden), S=young(survivor), O=old, HS=humongous(starts), HC=humongous(continues), CS=collection set, F=free, A=archive, TAMS=top-at-mark-start (previous, next)
|   0|0x0000000080000000, 0x0000000080100000, 0x0000000080100000|100%| O|  |TAMS 0x0000000080100000, 0x0000000080000000| Untracked 
|   1|0x0000000080100000, 0x0000000080200000, 0x0000000080200000|100%| O|  |TAMS 0x0000000080200000, 0x0000000080100000| Untracked 
|   2|0x0000000080200000, 0x0000000080300000, 0x0000000080300000|100%| O|  |TAMS 0x0000000080300000, 0x0000000080200000| Untracked 
|   3|0x0000000080300000, 0x0000000080400000, 0x0000000080400000|100%|HS|  |TAMS 0x0000000080400000, 0x0000000080300000| Complete 
|   4|0x0000000080400000, 0x0000000080500000, 0x0000000080500000|100%|HC|  |TAMS 0x0000000080500000, 0x0000000080400000| Complete 
|   5|0x0000000080500000, 0x0000000080600000, 0x0000000080600000|100%|HC|  |TAMS 0x0000000080600000, 0x0000000080500000| Complete 
|   6|0x0000000080600000, 0x0000000080700000, 0x0000000080700000|100%| O|  |TAMS 0x0000000080700000, 0x0000000080600000| Untracked 
|   7|0x0000000080700000, 0x0000000080800000, 0x0000000080800000|100%| O|  |TAMS 0x0000000080800000, 0x0000000080700000| Untracked 
|   8|0x0000000080800000, 0x0000000080900000, 0x0000000080900000|100%| O|  |TAMS 0x0000000080900000, 0x0000000080800000| Untracked 
|   9|0x0000000080900000, 0x0000000080a00000, 0x0000000080a00000|100%| O|  |TAMS 0x0000000080a00000, 0x0000000080900000| Untracked 
|  10|0x0000000080a00000, 0x0000000080b00000, 0x0000000080b00000|100%| O|  |TAMS 0x0000000080b00000, 0x0000000080a00000| Untracked 
|  11|0x0000000080b00000, 0x0000000080c00000, 0x0000000080c00000|100%| O|  |TAMS 0x0000000080c00000, 0x0000000080b00000| Untracked 
|  12|0x0000000080c00000, 0x0000000080d00000, 0x0000000080d00000|100%| O|  |TAMS 0x0000000080d00000, 0x0000000080c00000| Untracked 
|  13|0x0000000080d00000, 0x0000000080e00000, 0x0000000080e00000|100%| O|  |TAMS 0x0000000080e00000, 0x0000000080d00000| Untracked 
|  14|0x0000000080e00000, 0x0000000080f00000, 0x0000000080f00000|100%| O|  |TAMS 0x0000000080f00000, 0x0000000080e00000| Untracked 
|  15|0x0000000080f00000, 0x0000000081000000, 0x0000000081000000|100%| O|  |TAMS 0x0000000081000000, 0x0000000080f00000| Untracked 
|  16|0x0000000081000000, 0x0000000081064400, 0x0000000081100000| 39%| O|  |TAMS 0x0000000081064400, 0x0000000081000000| Untracked 
|  17|0x0000000081100000, 0x0000000081100000, 0x0000000081200000|  0%| F|  |TAMS 0x0000000081100000, 0x0000000081100000| Untracked 
|  18|0x0000000081200000, 0x0000000081200000, 0x0000000081300000|  0%| F|  |TAMS 0x0000000081200000, 0x0000000081200000| Untracked 
|  19|0x0000000081300000, 0x0000000081300000, 0x0000000081400000|  0%| F|  |TAMS 0x0000000081300000, 0x0000000081300000| Untracked 
|  20|0x0000000081400000, 0x0000000081400000, 0x0000000081500000|  0%| F|  |TAMS 0x0000000081400000, 0x0000000081400000| Untracked 
|  21|0x0000000081500000, 0x0000000081500000, 0x0000000081600000|  0%| F|  |TAMS 0x0000000081500000, 0x0000000081500000| Untracked 
|  22|0x0000000081600000, 0x0000000081600000, 0x0000000081700000|  0%| F|  |TAMS 0x0000000081600000, 0x0000000081600000| Untracked 
|  23|0x0000000081700000, 0x0000000081700000, 0x0000000081800000|  0%| F|  |TAMS 0x0000000081700000, 0x0000000081700000| Untracked 
|  24|0x0000000081800000, 0x0000000081800000, 0x0000000081900000|  0%| F|  |TAMS 0x0000000081800000, 0x0000000081800000| Untracked 
|  25|0x0000000081900000, 0x0000000081900000, 0x0000000081a00000|  0%| F|  |TAMS 0x0000000081900000, 0x0000000081900000| Untracked 
|  26|0x0000000081a00000, 0x0000000081a00000, 0x0000000081b00000|  0%| F|  |TAMS 0x0000000081a00000, 0x0000000081a00000| Untracked 
|  27|0x0000000081b00000, 0x0000000081b00000, 0x0000000081c00000|  0%| F|  |TAMS 0x0000000081b00000, 0x0000000081b00000| Untracked 
|  28|0x0000000081c00000, 0x0000000081c00000, 0x0000000081d00000|  0%| F|  |TAMS 0x0000000081c00000, 0x0000000081c00000| Untracked 
|  29|0x0000000081d00000, 0x0000000081d00000, 0x0000000081e00000|  0%| F|  |TAMS 0x0000000081d00000, 0x0000000081d00000| Untracked 
|  30|0x0000000081e00000, 0x0000000081e00000, 0x0000000081f00000|  0%| F|  |TAMS 0x0000000081e00000, 0x0000000081e00000| Untracked 
|  31|0x0000000081f00000, 0x0000000081f00000, 0x0000000082000000|  0%| F|  |TAMS 0x0000000081f00000, 0x0000000081f00000| Untracked 
|  32|0x0000000082000000, 0x0000000082000000, 0x0000000082100000|  0%| F|  |TAMS 0x0000000082000000, 0x0000000082000000| Untracked 
|  33|0x0000000082100000, 0x0000000082100000, 0x0000000082200000|  0%| F|  |TAMS 0x0000000082100000, 0x0000000082100000| Untracked 
|  34|0x0000000082200000, 0x0000000082200000, 0x0000000082300000|  0%| F|  |TAMS 0x0000000082200000, 0x0000000082200000| Untracked 
|  35|0x0000000082300000, 0x0000000082300000, 0x0000000082400000|  0%| F|  |TAMS 0x0000000082300000, 0x0000000082300000| Untracked 
|  36|0x0000000082400000, 0x0000000082400000, 0x0000000082500000|  0%| F|  |TAMS 0x0000000082400000, 0x0000000082400000| Untracked 
|  37|0x0000000082500000, 0x0000000082500000, 0x0000000082600000|  0%| F|  |TAMS 0x0000000082500000, 0x0000000082500000| Untracked 
|  38|0x0000000082600000, 0x0000000082600000, 0x0000000082700000|  0%| F|  |TAMS 0x0000000082600000, 0x0000000082600000| Untracked 
|  39|0x0000000082700000, 0x0000000082700000, 0x0000000082800000|  0%| F|  |TAMS 0x0000000082700000, 0x0000000082700000| Untracked 
|  40|0x0000000082800000, 0x0000000082800000, 0x0000000082900000|  0%| F|  |TAMS 0x0000000082800000, 0x0000000082800000| Untracked 
|  41|0x0000000082900000, 0x0000000082900000, 0x0000000082a00000|  0%| F|  |TAMS 0x0000000082900000, 0x0000000082900000| Untracked 
|  42|0x0000000082a00000, 0x0000000082a00000, 0x0000000082b00000|  0%| F|  |TAMS 0x0000000082a00000, 0x0000000082a00000| Untracked 
|  43|0x0000000082b00000, 0x0000000082b00000, 0x0000000082c00000|  0%| F|  |TAMS 0x0000000082b00000, 0x0000000082b00000| Untracked 
|  44|0x0000000082c00000, 0x0000000082c00000, 0x0000000082d00000|  0%| F|  |TAMS 0x0000000082c00000, 0x0000000082c00000| Untracked 
|  45|0x0000000082d00000, 0x0000000082d00000, 0x0000000082e00000|  0%| F|  |TAMS 0x0000000082d00000, 0x0000000082d00000| Untracked 
|  46|0x0000000082e00000, 0x0000000082e00000, 0x0000000082f00000|  0%| F|  |TAMS 0x0000000082e00000, 0x0000000082e00000| Untracked 
|  47|0x0000000082f00000, 0x0000000082f00000, 0x0000000083000000|  0%| F|  |TAMS 0x0000000082f00000, 0x0000000082f00000| Untracked 
|  48|0x0000000083000000, 0x0000000083000000, 0x0000000083100000|  0%| F|  |TAMS 0x0000000083000000, 0x0000000083000000| Untracked 
|  49|0x0000000083100000, 0x0000000083100000, 0x0000000083200000|  0%| F|  |TAMS 0x0000000083100000, 0x0000000083100000| Untracked 
|  50|0x0000000083200000, 0x0000000083200000, 0x0000000083300000|  0%| F|  |TAMS 0x0000000083200000, 0x0000000083200000| Untracked 
|  51|0x0000000083300000, 0x0000000083300000, 0x0000000083400000|  0%| F|  |TAMS 0x0000000083300000, 0x0000000083300000| Untracked 
|  52|0x0000000083400000, 0x0000000083400000, 0x0000000083500000|  0%| F|  |TAMS 0x0000000083400000, 0x0000000083400000| Untracked 
|  53|0x0000000083500000, 0x0000000083500000, 0x0000000083600000|  0%| F|  |TAMS 0x0000000083500000, 0x0000000083500000| Untracked 
|  54|0x0000000083600000, 0x0000000083600000, 0x0000000083700000|  0%| F|  |TAMS 0x0000000083600000, 0x0000000083600000| Untracked 
|  55|0x0000000083700000, 0x0000000083700000, 0x0000000083800000|  0%| F|  |TAMS 0x0000000083700000, 0x0000000083700000| Untracked 
|  56|0x0000000083800000, 0x0000000083800000, 0x0000000083900000|  0%| F|  |TAMS 0x0000000083800000, 0x0000000083800000| Untracked 
|  57|0x0000000083900000, 0x0000000083900000, 0x0000000083a00000|  0%| F|  |TAMS 0x0000000083900000, 0x0000000083900000| Untracked 
|  58|0x0000000083a00000, 0x0000000083a00000, 0x0000000083b00000|  0%| F|  |TAMS 0x0000000083a00000, 0x0000000083a00000| Untracked 
|  59|0x0000000083b00000, 0x0000000083b00000, 0x0000000083c00000|  0%| F|  |TAMS 0x0000000083b00000, 0x0000000083b00000| Untracked 
|  60|0x0000000083c00000, 0x0000000083c00000, 0x0000000083d00000|  0%| F|  |TAMS 0x0000000083c00000, 0x0000000083c00000| Untracked 
|  61|0x0000000083d00000, 0x0000000083d00000, 0x0000000083e00000|  0%| F|  |TAMS 0x0000000083d00000, 0x0000000083d00000| Untracked 
|  62|0x0000000083e00000, 0x0000000083e00000, 0x0000000083f00000|  0%| F|  |TAMS 0x0000000083e00000, 0x0000000083e00000| Untracked 
|  63|0x0000000083f00000, 0x0000000083f00000, 0x0000000084000000|  0%| F|  |TAMS 0x0000000083f00000, 0x0000000083f00000| Untracked 
|  64|0x0000000084000000, 0x0000000084000000, 0x0000000084100000|  0%| F|  |TAMS 0x0000000084000000, 0x0000000084000000| Untracked 
|  65|0x0000000084100000, 0x0000000084100000, 0x0000000084200000|  0%| F|  |TAMS 0x0000000084100000, 0x0000000084100000| Untracked 
|  66|0x0000000084200000, 0x0000000084200000, 0x0000000084300000|  0%| F|  |TAMS 0x0000000084200000, 0x0000000084200000| Untracked 
|  67|0x0000000084300000, 0x0000000084300000, 0x0000000084400000|  0%| F|  |TAMS 0x0000000084300000, 0x0000000084300000| Untracked 
|  68|0x0000000084400000, 0x0000000084400000, 0x0000000084500000|  0%| F|  |TAMS 0x0000000084400000, 0x0000000084400000| Untracked 
|  69|0x0000000084500000, 0x0000000084500000, 0x0000000084600000|  0%| F|  |TAMS 0x0000000084500000, 0x0000000084500000| Untracked 
|  70|0x0000000084600000, 0x0000000084600000, 0x0000000084700000|  0%| F|  |TAMS 0x0000000084600000, 0x0000000084600000| Untracked 
|  71|0x0000000084700000, 0x0000000084700000, 0x0000000084800000|  0%| F|  |TAMS 0x0000000084700000, 0x0000000084700000| Untracked 
|  72|0x0000000084800000, 0x0000000084800000, 0x0000000084900000|  0%| F|  |TAMS 0x0000000084800000, 0x0000000084800000| Untracked 
|  73|0x0000000084900000, 0x0000000084900000, 0x0000000084a00000|  0%| F|  |TAMS 0x0000000084900000, 0x0000000084900000| Untracked 
|  74|0x0000000084a00000, 0x0000000084a00000, 0x0000000084b00000|  0%| F|  |TAMS 0x0000000084a00000, 0x0000000084a00000| Untracked 
|  75|0x0000000084b00000, 0x0000000084b00000, 0x0000000084c00000|  0%| F|  |TAMS 0x0000000084b00000, 0x0000000084b00000| Untracked 
|  76|0x0000000084c00000, 0x0000000084c00000, 0x0000000084d00000|  0%| F|  |TAMS 0x0000000084c00000, 0x0000000084c00000| Untracked 
|  77|0x0000000084d00000, 0x0000000084d00000, 0x0000000084e00000|  0%| F|  |TAMS 0x0000000084d00000, 0x0000000084d00000| Untracked 
|  78|0x0000000084e00000, 0x0000000084e00000, 0x0000000084f00000|  0%| F|  |TAMS 0x0000000084e00000, 0x0000000084e00000| Untracked 
|  79|0x0000000084f00000, 0x0000000084f00000, 0x0000000085000000|  0%| F|  |TAMS 0x0000000084f00000, 0x0000000084f00000| Untracked 
|  80|0x0000000085000000, 0x0000000085000000, 0x0000000085100000|  0%| F|  |TAMS 0x0000000085000000, 0x0000000085000000| Untracked 
|  81|0x0000000085100000, 0x0000000085100000, 0x0000000085200000|  0%| F|  |TAMS 0x0000000085100000, 0x0000000085100000| Untracked 
|  82|0x0000000085200000, 0x0000000085200000, 0x0000000085300000|  0%| F|  |TAMS 0x0000000085200000, 0x0000000085200000| Untracked 
|  83|0x0000000085300000, 0x0000000085300000, 0x0000000085400000|  0%| F|  |TAMS 0x0000000085300000, 0x0000000085300000| Untracked 
|  84|0x0000000085400000, 0x0000000085400000, 0x0000000085500000|  0%| F|  |TAMS 0x0000000085400000, 0x0000000085400000| Untracked 
|  85|0x0000000085500000, 0x0000000085500000, 0x0000000085600000|  0%| F|  |TAMS 0x0000000085500000, 0x0000000085500000| Untracked 
|  86|0x0000000085600000, 0x0000000085600000, 0x0000000085700000|  0%| F|  |TAMS 0x0000000085600000, 0x0000000085600000| Untracked 
|  87|0x0000000085700000, 0x0000000085700000, 0x0000000085800000|  0%| F|  |TAMS 0x0000000085700000, 0x0000000085700000| Untracked 
|  88|0x0000000085800000, 0x0000000085800000, 0x0000000085900000|  0%| F|  |TAMS 0x0000000085800000, 0x0000000085800000| Untracked 
|  89|0x0000000085900000, 0x0000000085900000, 0x0000000085a00000|  0%| F|  |TAMS 0x0000000085900000, 0x0000000085900000| Untracked 
|  90|0x0000000085a00000, 0x0000000085a00000, 0x0000000085b00000|  0%| F|  |TAMS 0x0000000085a00000, 0x0000000085a00000| Untracked 
|  91|0x0000000085b00000, 0x0000000085b00000, 0x0000000085c00000|  0%| F|  |TAMS 0x0000000085b00000, 0x0000000085b00000| Untracked 
|  92|0x0000000085c00000, 0x0000000085c00000, 0x0000000085d00000|  0%| F|  |TAMS 0x0000000085c00000, 0x0000000085c00000| Untracked 
|  93|0x0000000085d00000, 0x0000000085d00000, 0x0000000085e00000|  0%| F|  |TAMS 0x0000000085d00000, 0x0000000085d00000| Untracked 
|  94|0x0000000085e00000, 0x0000000085e00000, 0x0000000085f00000|  0%| F|  |TAMS 0x0000000085e00000, 0x0000000085e00000| Untracked 
|  95|0x0000000085f00000, 0x0000000085f00000, 0x0000000086000000|  0%| F|  |TAMS 0x0000000085f00000, 0x0000000085f00000| Untracked 
|  96|0x0000000086000000, 0x0000000086000000, 0x0000000086100000|  0%| F|  |TAMS 0x0000000086000000, 0x0000000086000000| Untracked 
|  97|0x0000000086100000, 0x0000000086100000, 0x0000000086200000|  0%| F|  |TAMS 0x0000000086100000, 0x0000000086100000| Untracked 
|  98|0x0000000086200000, 0x0000000086200000, 0x0000000086300000|  0%| F|  |TAMS 0x0000000086200000, 0x0000000086200000| Untracked 
|  99|0x0000000086300000, 0x0000000086300000, 0x0000000086400000|  0%| F|  |TAMS 0x0000000086300000, 0x0000000086300000| Untracked 
| 100|0x0000000086400000, 0x0000000086400000, 0x0000000086500000|  0%| F|  |TAMS 0x0000000086400000, 0x0000000086400000| Untracked 
| 101|0x0000000086500000, 0x0000000086511e90, 0x0000000086600000|  6%| S|CS|TAMS 0x0000000086500000, 0x0000000086500000| Complete 
| 102|0x0000000086600000, 0x0000000086700000, 0x0000000086700000|100%| S|CS|TAMS 0x0000000086600000, 0x0000000086600000| Complete 
| 103|0x0000000086700000, 0x0000000086700000, 0x0000000086800000|  0%| F|  |TAMS 0x0000000086700000, 0x0000000086700000| Untracked 
| 104|0x0000000086800000, 0x0000000086800000, 0x0000000086900000|  0%| F|  |TAMS 0x0000000086800000, 0x0000000086800000| Untracked 
| 105|0x0000000086900000, 0x0000000086900000, 0x0000000086a00000|  0%| F|  |TAMS 0x0000000086900000, 0x0000000086900000| Untracked 
| 106|0x0000000086a00000, 0x0000000086a00000, 0x0000000086b00000|  0%| F|  |TAMS 0x0000000086a00000, 0x0000000086a00000| Untracked 
| 107|0x0000000086b00000, 0x0000000086b00000, 0x0000000086c00000|  0%| F|  |TAMS 0x0000000086b00000, 0x0000000086b00000| Untracked 
| 108|0x0000000086c00000, 0x0000000086c00000, 0x0000000086d00000|  0%| F|  |TAMS 0x0000000086c00000, 0x0000000086c00000| Untracked 
| 109|0x0000000086d00000, 0x0000000086d00000, 0x0000000086e00000|  0%| F|  |TAMS 0x0000000086d00000, 0x0000000086d00000| Untracked 
| 110|0x0000000086e00000, 0x0000000086e00000, 0x0000000086f00000|  0%| F|  |TAMS 0x0000000086e00000, 0x0000000086e00000| Untracked 
| 111|0x0000000086f00000, 0x0000000086f00000, 0x0000000087000000|  0%| F|  |TAMS 0x0000000086f00000, 0x0000000086f00000| Untracked 
| 112|0x0000000087000000, 0x0000000087000000, 0x0000000087100000|  0%| F|  |TAMS 0x0000000087000000, 0x0000000087000000| Untracked 
| 113|0x0000000087100000, 0x0000000087100000, 0x0000000087200000|  0%| F|  |TAMS 0x0000000087100000, 0x0000000087100000| Untracked 
| 114|0x0000000087200000, 0x0000000087223928, 0x0000000087300000| 13%| E|  |TAMS 0x0000000087200000, 0x0000000087200000| Complete 
| 115|0x0000000087300000, 0x00000000873f63e0, 0x0000000087400000| 96%| E|  |TAMS 0x0000000087300000, 0x0000000087300000| Complete 
| 116|0x0000000087400000, 0x0000000087500000, 0x0000000087500000|100%| E|CS|TAMS 0x0000000087400000, 0x0000000087400000| Complete 
| 117|0x0000000087500000, 0x0000000087600000, 0x0000000087600000|100%| E|CS|TAMS 0x0000000087500000, 0x0000000087500000| Complete 
| 118|0x0000000087600000, 0x0000000087700000, 0x0000000087700000|100%| E|CS|TAMS 0x0000000087600000, 0x0000000087600000| Complete 
| 119|0x0000000087700000, 0x0000000087800000, 0x0000000087800000|100%| E|CS|TAMS 0x0000000087700000, 0x0000000087700000| Complete 
| 120|0x0000000087800000, 0x0000000087900000, 0x0000000087900000|100%| E|CS|TAMS 0x0000000087800000, 0x0000000087800000| Complete 
| 121|0x0000000087900000, 0x0000000087a00000, 0x0000000087a00000|100%| E|CS|TAMS 0x0000000087900000, 0x0000000087900000| Complete 
| 122|0x0000000087a00000, 0x0000000087b00000, 0x0000000087b00000|100%| E|CS|TAMS 0x0000000087a00000, 0x0000000087a00000| Complete 
| 123|0x0000000087b00000, 0x0000000087c00000, 0x0000000087c00000|100%| E|CS|TAMS 0x0000000087b00000, 0x0000000087b00000| Complete 
| 124|0x0000000087c00000, 0x0000000087d00000, 0x0000000087d00000|100%| E|CS|TAMS 0x0000000087c00000, 0x0000000087c00000| Complete 
| 125|0x0000000087d00000, 0x0000000087e00000, 0x0000000087e00000|100%| E|CS|TAMS 0x0000000087d00000, 0x0000000087d00000| Complete 

Card table byte_map: [0x00000180aa580000,0x00000180aa980000] _byte_map_base: 0x00000180aa180000

Marking Bits (Prev, Next): (CMBitMap*) 0x0000018092746af0, (CMBitMap*) 0x0000018092746ab8
 Prev Bits: [0x00000180acd80000, 0x00000180aed80000)
 Next Bits: [0x00000180aad80000, 0x00000180acd80000)

Polling page: 0x0000018090710000

Metaspace:

Usage:
  Non-class:     19.22 MB capacity,    18.88 MB ( 98%) used,   310.91 KB (  2%) free+waste,    41.44 KB ( <1%) overhead. 
      Class:      2.80 MB capacity,     2.64 MB ( 94%) used,   147.41 KB (  5%) free+waste,    18.56 KB ( <1%) overhead. 
       Both:     22.03 MB capacity,    21.52 MB ( 98%) used,   458.32 KB (  2%) free+waste,    60.00 KB ( <1%) overhead. 

Virtual space:
  Non-class space:       28.00 MB reserved,      19.42 MB ( 69%) committed 
      Class space:      504.00 MB reserved,       2.88 MB ( <1%) committed 
             Both:      532.00 MB reserved,      22.30 MB (  4%) committed 

Chunk freelists:
   Non-Class:  26.00 KB
       Class:  8.00 KB
        Both:  34.00 KB

MaxMetaspaceSize: 512.00 MB
CompressedClassSpaceSize: 504.00 MB
Initial GC threshold: 20.80 MB
Current GC threshold: 35.08 MB
CDS: off

CodeHeap 'non-profiled nmethods': size=120000Kb used=1055Kb max_used=1055Kb free=118944Kb
 bounds [0x00000180a2920000, 0x00000180a2b90000, 0x00000180a9e50000]
CodeHeap 'profiled nmethods': size=120000Kb used=4256Kb max_used=4256Kb free=115744Kb
 bounds [0x000001809b3f0000, 0x000001809b820000, 0x00000180a2920000]
CodeHeap 'non-nmethods': size=5760Kb used=1210Kb max_used=1230Kb free=4549Kb
 bounds [0x000001809ae50000, 0x000001809b0c0000, 0x000001809b3f0000]
 total_blobs=2499 nmethods=2012 adapters=399
 compilation: enabled
              stopped_count=0, restarted_count=0
 full_count=0

Compilation events (20 events):
Event: 4.457 Thread 0x00000180b17f5800 nmethod 1996 0x000001809b7fe910 code [0x000001809b7feae0, 0x000001809b7fee08]
Event: 4.457 Thread 0x00000180b17f5800 1997       3       jdk.internal.org.objectweb.asm.MethodWriter::visitMaxs (1144 bytes)
Event: 4.461 Thread 0x00000180b17f5800 nmethod 1997 0x000001809b7fef10 code [0x000001809b7ff420, 0x000001809b801d48]
Event: 4.462 Thread 0x00000180b17f5800 1998       3       jdk.internal.org.objectweb.asm.MethodWriter::visitEnd (1 bytes)
Event: 4.462 Thread 0x00000180b17f5800 nmethod 1998 0x000001809b803690 code [0x000001809b803840, 0x000001809b803938]
Event: 4.462 Thread 0x00000180b17f5800 1999       3       jdk.internal.org.objectweb.asm.MethodWriter::getSize (838 bytes)
Event: 4.466 Thread 0x00000180b17f5800 nmethod 1999 0x000001809b803a10 code [0x000001809b803ec0, 0x000001809b805da8]
Event: 4.466 Thread 0x00000180b17f5800 2000       3       jdk.internal.org.objectweb.asm.MethodWriter::put (1602 bytes)
Event: 4.472 Thread 0x00000180b17f5800 nmethod 2000 0x000001809b806b90 code [0x000001809b807480, 0x000001809b80a838]
Event: 4.478 Thread 0x00000180b17f5800 2001       3       java.util.concurrent.locks.ReentrantLock$Sync::tryRelease (45 bytes)
Event: 4.479 Thread 0x00000180b17f5800 nmethod 2001 0x000001809b80be90 code [0x000001809b80c060, 0x000001809b80c348]
Event: 4.483 Thread 0x00000180b17f4800 nmethod 1994 0x00000180a2a22b10 code [0x00000180a2a22d60, 0x00000180a2a247f0]
Event: 4.494 Thread 0x00000180b17f5800 2002       3       java.util.concurrent.locks.ReentrantLock$Sync::nonfairTryAcquire (67 bytes)
Event: 4.495 Thread 0x00000180b17f5800 nmethod 2002 0x000001809b80c410 code [0x000001809b80c660, 0x000001809b80cf48]
Event: 4.498 Thread 0x00000180b17f5800 2003       3       sun.reflect.generics.visitor.Reifier::getResult (26 bytes)
Event: 4.498 Thread 0x00000180b17f5800 nmethod 2003 0x000001809b80d290 code [0x000001809b80d440, 0x000001809b80d558]
Event: 4.498 Thread 0x00000180b17f5800 2005       3       java.lang.reflect.Executable::getGenericParameterTypes (20 bytes)
Event: 4.499 Thread 0x00000180b17f5800 nmethod 2005 0x000001809b80d610 code [0x000001809b80d820, 0x000001809b80df08]
Event: 4.499 Thread 0x00000180b17f5800 2004       1       sun.reflect.generics.repository.AbstractRepository::getFactory (5 bytes)
Event: 4.499 Thread 0x00000180b17f5800 nmethod 2004 0x00000180a2a24f90 code [0x00000180a2a25140, 0x00000180a2a251f8]

GC Heap History (8 events):
Event: 1.198 GC heap before
{Heap before GC invocations=0 (full 0):
 garbage-first heap   total 129024K, used 29696K [0x0000000080000000, 0x0000000100000000)
  region size 1024K, 24 young (24576K), 0 survivors (0K)
 Metaspace       used 9987K, capacity 10229K, committed 10368K, reserved 534528K
  class space    used 1008K, capacity 1072K, committed 1152K, reserved 516096K
}
Event: 1.205 GC heap after
{Heap after GC invocations=1 (full 0):
 garbage-first heap   total 129024K, used 9871K [0x0000000080000000, 0x0000000100000000)
  region size 1024K, 3 young (3072K), 3 survivors (3072K)
 Metaspace       used 9987K, capacity 10229K, committed 10368K, reserved 534528K
  class space    used 1008K, capacity 1072K, committed 1152K, reserved 516096K
}
Event: 1.831 GC heap before
{Heap before GC invocations=1 (full 0):
 garbage-first heap   total 129024K, used 30351K [0x0000000080000000, 0x0000000100000000)
  region size 1024K, 23 young (23552K), 3 survivors (3072K)
 Metaspace       used 11199K, capacity 11445K, committed 11520K, reserved 534528K
  class space    used 1146K, capacity 1243K, committed 1280K, reserved 516096K
}
Event: 1.835 GC heap after
{Heap after GC invocations=2 (full 0):
 garbage-first heap   total 129024K, used 10703K [0x0000000080000000, 0x0000000100000000)
  region size 1024K, 1 young (1024K), 1 survivors (1024K)
 Metaspace       used 11199K, capacity 11445K, committed 11520K, reserved 534528K
  class space    used 1146K, capacity 1243K, committed 1280K, reserved 516096K
}
Event: 3.904 GC heap before
{Heap before GC invocations=2 (full 0):
 garbage-first heap   total 129024K, used 62927K [0x0000000080000000, 0x0000000100000000)
  region size 1024K, 51 young (52224K), 1 survivors (1024K)
 Metaspace       used 17714K, capacity 18134K, committed 18432K, reserved 540672K
  class space    used 2058K, capacity 2178K, committed 2304K, reserved 516096K
}
Event: 3.909 GC heap after
{Heap after GC invocations=3 (full 0):
 garbage-first heap   total 129024K, used 16931K [0x0000000080000000, 0x0000000100000000)
  region size 1024K, 7 young (7168K), 7 survivors (7168K)
 Metaspace       used 17714K, capacity 18134K, committed 18432K, reserved 540672K
  class space    used 2058K, capacity 2178K, committed 2304K, reserved 516096K
}
Event: 4.305 GC heap before
{Heap before GC invocations=3 (full 0):
 garbage-first heap   total 129024K, used 39459K [0x0000000080000000, 0x0000000100000000)
  region size 1024K, 30 young (30720K), 7 survivors (7168K)
 Metaspace       used 20615K, capacity 21131K, committed 21296K, reserved 544768K
  class space    used 2471K, capacity 2628K, committed 2688K, reserved 516096K
}
Event: 4.316 GC heap after
{Heap after GC invocations=4 (full 0):
 garbage-first heap   total 129024K, used 17880K [0x0000000080000000, 0x0000000100000000)
  region size 1024K, 2 young (2048K), 2 survivors (2048K)
 Metaspace       used 20615K, capacity 21131K, committed 21296K, reserved 544768K
  class space    used 2471K, capacity 2628K, committed 2688K, reserved 516096K
}

Deoptimization events (20 events):
Event: 4.135 Thread 0x00000180b4b49800 Uncommon trap: trap_request=0xffffffc6 fr.pc=0x00000180a29a7924 relative=0x0000000000000084
Event: 4.135 Thread 0x00000180b4b49800 Uncommon trap: reason=bimorphic_or_optimized_type_check action=maybe_recompile pc=0x00000180a29a7924 method=java.util.AbstractList$Itr.hasNext()Z @ 8 c2
Event: 4.135 Thread 0x00000180b4b49800 DEOPT PACKING pc=0x00000180a29a7924 sp=0x000000361e8fbeb0
Event: 4.135 Thread 0x00000180b4b49800 DEOPT UNPACKING pc=0x000001809ae9a1af sp=0x000000361e8fbe48 mode 2
Event: 4.135 Thread 0x00000180b4b49800 Uncommon trap: trap_request=0xffffffc6 fr.pc=0x00000180a29a7cc0 relative=0x0000000000000100
Event: 4.135 Thread 0x00000180b4b49800 Uncommon trap: reason=bimorphic_or_optimized_type_check action=maybe_recompile pc=0x00000180a29a7cc0 method=java.util.AbstractList$Itr.next()Ljava/lang/Object; @ 14 c2
Event: 4.135 Thread 0x00000180b4b49800 DEOPT PACKING pc=0x00000180a29a7cc0 sp=0x000000361e8fbea0
Event: 4.135 Thread 0x00000180b4b49800 DEOPT UNPACKING pc=0x000001809ae9a1af sp=0x000000361e8fbe38 mode 2
Event: 4.135 Thread 0x00000180b4b49800 Uncommon trap: trap_request=0xffffff4d fr.pc=0x00000180a29a1ddc relative=0x000000000000051c
Event: 4.135 Thread 0x00000180b4b49800 Uncommon trap: reason=unstable_if action=reinterpret pc=0x00000180a29a1ddc method=java.io.File.getName()Ljava/lang/String; @ 16 c2
Event: 4.135 Thread 0x00000180b4b49800 DEOPT PACKING pc=0x00000180a29a1ddc sp=0x000000361e8fc9b0
Event: 4.136 Thread 0x00000180b4b49800 DEOPT UNPACKING pc=0x000001809ae9a1af sp=0x000000361e8fc980 mode 2
Event: 4.136 Thread 0x00000180b4b49800 Uncommon trap: trap_request=0xffffff4d fr.pc=0x00000180a299f4b4 relative=0x0000000000000474
Event: 4.136 Thread 0x00000180b4b49800 Uncommon trap: reason=unstable_if action=reinterpret pc=0x00000180a299f4b4 method=java.lang.String.substring(I)Ljava/lang/String; @ 34 c2
Event: 4.136 Thread 0x00000180b4b49800 DEOPT PACKING pc=0x00000180a299f4b4 sp=0x000000361e8fc930
Event: 4.136 Thread 0x00000180b4b49800 DEOPT UNPACKING pc=0x000001809ae9a1af sp=0x000000361e8fc908 mode 2
Event: 4.438 Thread 0x00000180b4b49800 Uncommon trap: trap_request=0xffffff4d fr.pc=0x00000180a2a100b0 relative=0x00000000000003b0
Event: 4.438 Thread 0x00000180b4b49800 Uncommon trap: reason=unstable_if action=reinterpret pc=0x00000180a2a100b0 method=jdk.internal.org.objectweb.asm.Type.getArgumentsAndReturnSizes(Ljava/lang/String;)I @ 88 c2
Event: 4.438 Thread 0x00000180b4b49800 DEOPT PACKING pc=0x00000180a2a100b0 sp=0x000000361e8f93a0
Event: 4.438 Thread 0x00000180b4b49800 DEOPT UNPACKING pc=0x000001809ae9a1af sp=0x000000361e8f9328 mode 2

Classes redefined (0 events):
No events

Internal exceptions (20 events):
Event: 0.839 Thread 0x0000018092704800 Exception <a 'java/lang/NoClassDefFoundError'{0x0000000086ee1958}: org/slf4j/impl/StaticMarkerBinder> (0x0000000086ee1958) thrown at [./src/hotspot/share/classfile/systemDictionary.cpp, line 219]
Event: 0.961 Thread 0x0000018092704800 Exception <a 'java/lang/NoSuchMethodError'{0x0000000086aaecd8}: 'java.lang.Object java.lang.invoke.DirectMethodHandle$Holder.invokeVirtual(java.lang.Object, java.lang.Object, java.lang.Object, java.lang.Object, java.lang.Object, java.lang.Object, java.lang.Object)'> (0x0000000086aaecd8) thrown at [./src/hotspot/share/interpreter/linkResolver.cpp, line 773]
Event: 0.965 Thread 0x0000018092704800 Exception <a 'java/lang/NoSuchMethodError'{0x0000000086ac3810}: 'java.lang.Object java.lang.invoke.Invokers$Holder.invoker(java.lang.Object, java.lang.Object, java.lang.Object)'> (0x0000000086ac3810) thrown at [./src/hotspot/share/interpreter/linkResolver.cpp, line 773]
Event: 0.972 Thread 0x0000018092704800 Exception <a 'java/lang/NoSuchMethodError'{0x0000000086ad4888}: 'void java.lang.invoke.DelegatingMethodHandle$Holder.delegate(java.lang.Object, java.lang.Object, int, java.lang.Object)'> (0x0000000086ad4888) thrown at [./src/hotspot/share/interpreter/linkResolver.cpp, line 773]
Event: 2.165 Thread 0x0000018092704800 Exception <a 'java/security/PrivilegedActionException'{0x000000008710db98}> (0x000000008710db98) thrown at [./src/hotspot/share/prims/jvm.cpp, line 1306]
Event: 2.165 Thread 0x0000018092704800 Exception <a 'java/security/PrivilegedActionException'{0x000000008710e110}> (0x000000008710e110) thrown at [./src/hotspot/share/prims/jvm.cpp, line 1306]
Event: 2.504 Thread 0x0000018092704800 Exception <a 'java/lang/NoSuchMethodError'{0x0000000085f20638}: 'java.lang.Object java.lang.invoke.DirectMethodHandle$Holder.invokeStaticInit(java.lang.Object, java.lang.Object, java.lang.Object)'> (0x0000000085f20638) thrown at [./src/hotspot/share/interpreter/linkResolver.cpp, line 773]
Event: 2.729 Thread 0x0000018092704800 Exception <a 'java/lang/NoSuchMethodError'{0x00000000859c07d0}: 'java.lang.Object java.lang.invoke.DirectMethodHandle$Holder.invokeStaticInit(java.lang.Object, int, int, int, int)'> (0x00000000859c07d0) thrown at [./src/hotspot/share/interpreter/linkResolver.cpp, line 773]
Event: 3.071 Thread 0x0000018092704800 Exception <a 'java/lang/NoSuchMethodError'{0x0000000085845200}: 'java.lang.Object java.lang.invoke.DirectMethodHandle$Holder.invokeStaticInit(java.lang.Object, java.lang.Object, int, int, int, int)'> (0x0000000085845200) thrown at [./src/hotspot/share/interpreter/linkResolver.cpp, line 773]
Event: 3.624 Thread 0x0000018092704800 Exception <a 'java/io/IOException'{0x00000000856171e0}> (0x00000000856171e0) thrown at [./src/hotspot/share/prims/jni.cpp, line 617]
Event: 3.804 Thread 0x00000180b4b49800 Exception <a 'java/lang/NoSuchMethodError'{0x00000000850fef50}: 'long java.lang.invoke.DirectMethodHandle$Holder.invokeInterface(java.lang.Object, java.lang.Object)'> (0x00000000850fef50) thrown at [./src/hotspot/share/interpreter/linkResolver.cpp, line 773]
Event: 3.806 Thread 0x00000180b4b49800 Exception <a 'java/lang/NoSuchMethodError'{0x0000000084f0c488}: 'void java.lang.invoke.DelegatingMethodHandle$Holder.reinvoke_L(java.lang.Object, java.lang.Object, java.lang.Object, java.lang.Object, java.lang.Object, java.lang.Object, java.lang.Object)'> (0x0000000084f0c488) thrown at [./src/hotspot/share/interpreter/linkResolver.cpp, line 773]
Event: 3.958 Thread 0x00000180b4b49800 Exception <a 'java/lang/NoSuchMethodError'{0x0000000087a59148}: 'void java.lang.invoke.DirectMethodHandle$Holder.invokeStaticInit(java.lang.Object)'> (0x0000000087a59148) thrown at [./src/hotspot/share/interpreter/linkResolver.cpp, line 773]
Event: 3.978 Thread 0x00000180b4b49800 Exception <a 'java/lang/NoSuchMethodError'{0x0000000087915d40}: 'java.lang.Object java.lang.invoke.DirectMethodHandle$Holder.invokeStatic(java.lang.Object, java.lang.Object, java.lang.Object, int)'> (0x0000000087915d40) thrown at [./src/hotspot/share/interpreter/linkResolver.cpp, line 773]
Event: 3.978 Thread 0x00000180b4b49800 Exception <a 'java/lang/NoSuchMethodError'{0x0000000087919f08}: 'java.lang.Object java.lang.invoke.DirectMethodHandle$Holder.invokeSpecial(java.lang.Object, java.lang.Object, java.lang.Object, java.lang.Object, int)'> (0x0000000087919f08) thrown at [./src/hotspot/share/interpreter/linkResolver.cpp, line 773]
Event: 3.979 Thread 0x00000180b4b49800 Exception <a 'java/lang/NoSuchMethodError'{0x000000008791d8f0}: 'java.lang.Object java.lang.invoke.Invokers$Holder.linkToTargetMethod(java.lang.Object, java.lang.Object, int, java.lang.Object)'> (0x000000008791d8f0) thrown at [./src/hotspot/share/interpreter/linkResolver.cpp, line 773]
Event: 4.169 Thread 0x00000180b4b49800 Exception <a 'java/lang/NoSuchMethodError'{0x0000000087092ab0}: 'java.lang.Object java.lang.invoke.Invokers$Holder.linkToTargetMethod(java.lang.Object, java.lang.Object, java.lang.Object, java.lang.Object, java.lang.Object, java.lang.Object)'> (0x0000000087092ab0) thrown at [./src/hotspot/share/interpreter/linkResolver.cpp, line 773]
Event: 4.344 Thread 0x00000180b4b49800 Exception <a 'java/lang/NoSuchMethodError'{0x0000000087dc6d68}: 'int java.lang.invoke.DirectMethodHandle$Holder.invokeSpecialIFC(java.lang.Object, java.lang.Object, java.lang.Object, java.lang.Object)'> (0x0000000087dc6d68) thrown at [./src/hotspot/share/interpreter/linkResolver.cpp, line 773]
Event: 4.348 Thread 0x00000180b4b49800 Exception <a 'java/lang/NoSuchMethodError'{0x0000000087dd4d20}: 'java.lang.Object java.lang.invoke.DirectMethodHandle$Holder.invokeInterface(java.lang.Object, java.lang.Object, java.lang.Object)'> (0x0000000087dd4d20) thrown at [./src/hotspot/share/interpreter/linkResolver.cpp, line 773]
Event: 4.348 Thread 0x00000180b4b49800 Exception <a 'java/lang/IncompatibleClassChangeError'{0x0000000087dd81f8}: Found class java.lang.Object, but interface was expected> (0x0000000087dd81f8) thrown at [./src/hotspot/share/interpreter/linkResolver.cpp, line 839]

Events (20 events):
Event: 4.497 loading class org/gradle/tooling/provider/model/internal/ToolingModelBuilderLookup
Event: 4.497 loading class org/gradle/tooling/provider/model/internal/ToolingModelBuilderLookup done
Event: 4.498 loading class org/gradle/api/internal/initialization/ScriptClassPathInitializer
Event: 4.498 loading class org/gradle/api/internal/initialization/ScriptClassPathInitializer done
Event: 4.498 loading class org/gradle/api/internal/project/ProjectInternal
Event: 4.498 loading class org/gradle/api/internal/project/ProjectInternal done
Event: 4.499 loading class org/gradle/api/Project
Event: 4.499 loading class org/gradle/api/Project done
Event: 4.500 loading class org/gradle/api/plugins/ExtensionAware
Event: 4.500 loading class org/gradle/api/plugins/ExtensionAware done
Event: 4.500 loading class org/gradle/api/internal/project/ProjectIdentifier
Event: 4.500 loading class org/gradle/api/internal/project/ProjectIdentifier done
Event: 4.501 loading class org/gradle/api/internal/file/HasScriptServices
Event: 4.501 loading class org/gradle/api/internal/file/HasScriptServices done
Event: 4.501 loading class org/gradle/api/internal/DomainObjectContext
Event: 4.501 loading class org/gradle/api/internal/DomainObjectContext done
Event: 4.501 loading class org/gradle/model/internal/registry/ModelRegistryScope
Event: 4.501 loading class org/gradle/model/internal/registry/ModelRegistryScope done
Event: 4.503 loading class org/gradle/tooling/provider/model/internal/BuildScopeToolingModelBuilderRegistryAction
Event: 4.503 loading class org/gradle/tooling/provider/model/internal/BuildScopeToolingModelBuilderRegistryAction done


Dynamic libraries:
0x00007ff6d82c0000 - 0x00007ff6d82cd000 	C:\Program Files\OpenJDK\openjdk-11.0.15_10\bin\java.exe
0x00007ffdec670000 - 0x00007ffdec884000 	C:\WINDOWS\SYSTEM32\ntdll.dll
0x00007ffdebad0000 - 0x00007ffdebb93000 	C:\WINDOWS\System32\KERNEL32.DLL
0x00007ffde9e40000 - 0x00007ffdea1dd000 	C:\WINDOWS\System32\KERNELBASE.dll
0x00007ffde9d20000 - 0x00007ffde9e31000 	C:\WINDOWS\System32\ucrtbase.dll
0x00007ffde26c0000 - 0x00007ffde26d6000 	C:\Program Files\OpenJDK\openjdk-11.0.15_10\bin\VCRUNTIME140.dll
0x00007ffddb780000 - 0x00007ffddb798000 	C:\Program Files\OpenJDK\openjdk-11.0.15_10\bin\jli.dll
0x00007ffdeb630000 - 0x00007ffdeb7dd000 	C:\WINDOWS\System32\USER32.dll
0x00007ffdea1e0000 - 0x00007ffdea206000 	C:\WINDOWS\System32\win32u.dll
0x00007ffdeb940000 - 0x00007ffdeb969000 	C:\WINDOWS\System32\GDI32.dll
0x00007ffdea280000 - 0x00007ffdea392000 	C:\WINDOWS\System32\gdi32full.dll
0x00007ffdd1250000 - 0x00007ffdd14de000 	C:\WINDOWS\WinSxS\amd64_microsoft.windows.common-controls_6595b64144ccf1df_6.0.22621.608_none_a9444ca7c10bb01d\COMCTL32.dll
0x00007ffde9c80000 - 0x00007ffde9d1a000 	C:\WINDOWS\System32\msvcp_win.dll
0x00007ffdec570000 - 0x00007ffdec617000 	C:\WINDOWS\System32\msvcrt.dll
0x00007ffdeaf50000 - 0x00007ffdeaf82000 	C:\WINDOWS\System32\IMM32.DLL
0x00007ffdadc80000 - 0x00007ffdadd2a000 	C:\Program Files\OpenJDK\openjdk-11.0.15_10\bin\msvcp140.dll
0x00007ffda2f30000 - 0x00007ffda3a81000 	C:\Program Files\OpenJDK\openjdk-11.0.15_10\bin\server\jvm.dll
0x00007ffdead00000 - 0x00007ffdeadae000 	C:\WINDOWS\System32\ADVAPI32.dll
0x00007ffdeac50000 - 0x00007ffdeacf4000 	C:\WINDOWS\System32\sechost.dll
0x00007ffdebba0000 - 0x00007ffdebcb5000 	C:\WINDOWS\System32\RPCRT4.dll
0x00007ffdec620000 - 0x00007ffdec628000 	C:\WINDOWS\System32\PSAPI.DLL
0x00007ffde3510000 - 0x00007ffde3519000 	C:\WINDOWS\SYSTEM32\WSOCK32.dll
0x00007ffdebd30000 - 0x00007ffdebda1000 	C:\WINDOWS\System32\WS2_32.dll
0x00007ffde27a0000 - 0x00007ffde27aa000 	C:\WINDOWS\SYSTEM32\VERSION.dll
0x00007ffde24d0000 - 0x00007ffde2504000 	C:\WINDOWS\SYSTEM32\WINMM.dll
0x00007ffde8af0000 - 0x00007ffde8b08000 	C:\WINDOWS\SYSTEM32\kernel.appcore.dll
0x00007ffdd9480000 - 0x00007ffdd9491000 	C:\Program Files\OpenJDK\openjdk-11.0.15_10\bin\verify.dll
0x00007ffde7540000 - 0x00007ffde776e000 	C:\WINDOWS\SYSTEM32\DBGHELP.DLL
0x00007ffdeafa0000 - 0x00007ffdeb32a000 	C:\WINDOWS\System32\combase.dll
0x00007ffdec230000 - 0x00007ffdec307000 	C:\WINDOWS\System32\OLEAUT32.dll
0x00007ffde69c0000 - 0x00007ffde69f2000 	C:\WINDOWS\SYSTEM32\dbgcore.DLL
0x00007ffde9c00000 - 0x00007ffde9c7b000 	C:\WINDOWS\System32\bcryptPrimitives.dll
0x00007ffdd9420000 - 0x00007ffdd9449000 	C:\Program Files\OpenJDK\openjdk-11.0.15_10\bin\java.dll
0x00007ffde3260000 - 0x00007ffde326a000 	C:\Program Files\OpenJDK\openjdk-11.0.15_10\bin\jimage.dll
0x00007ffdd9330000 - 0x00007ffdd9348000 	C:\Program Files\OpenJDK\openjdk-11.0.15_10\bin\zip.dll
0x00007ffdea460000 - 0x00007ffdeac4f000 	C:\WINDOWS\System32\SHELL32.dll
0x00007ffde7ac0000 - 0x00007ffde8388000 	C:\WINDOWS\SYSTEM32\windows.storage.dll
0x00007ffde7980000 - 0x00007ffde7abe000 	C:\WINDOWS\SYSTEM32\wintypes.dll
0x00007ffdeb9d0000 - 0x00007ffdebac1000 	C:\WINDOWS\System32\SHCORE.dll
0x00007ffdeb8e0000 - 0x00007ffdeb93e000 	C:\WINDOWS\System32\shlwapi.dll
0x00007ffde99c0000 - 0x00007ffde99e1000 	C:\WINDOWS\SYSTEM32\profapi.dll
0x00007ffdd8a20000 - 0x00007ffdd8a39000 	C:\Program Files\OpenJDK\openjdk-11.0.15_10\bin\net.dll
0x00007ffde6760000 - 0x00007ffde688f000 	C:\WINDOWS\SYSTEM32\WINHTTP.dll
0x00007ffde8f50000 - 0x00007ffde8fb9000 	C:\WINDOWS\system32\mswsock.dll
0x00007ffdd8a00000 - 0x00007ffdd8a13000 	C:\Program Files\OpenJDK\openjdk-11.0.15_10\bin\nio.dll
0x00007ffdd8570000 - 0x00007ffdd8597000 	C:\Users\min01\.gradle\native\e1d6ef7f7dcc3fd88c89a11ec53ec762bb8ba0a96d01ffa2cd45eb1d1d8dd5c5\windows-amd64\native-platform.dll
0x00007ffdad870000 - 0x00007ffdad9b4000 	C:\Users\min01\.gradle\native\0d407fdbe67a94daf76414ababcb853783967236a71b16ec16e742cd7a986fd3\windows-amd64\native-platform-file-events.dll
0x00007ffdd9ac0000 - 0x00007ffdd9ac9000 	C:\Program Files\OpenJDK\openjdk-11.0.15_10\bin\management.dll
0x00007ffdd9470000 - 0x00007ffdd947c000 	C:\Program Files\OpenJDK\openjdk-11.0.15_10\bin\management_ext.dll
0x00007ffde91a0000 - 0x00007ffde91bb000 	C:\WINDOWS\SYSTEM32\CRYPTSP.dll
0x00007ffde8a60000 - 0x00007ffde8a95000 	C:\WINDOWS\system32\rsaenh.dll
0x00007ffde9040000 - 0x00007ffde9068000 	C:\WINDOWS\SYSTEM32\USERENV.dll
0x00007ffde9360000 - 0x00007ffde9388000 	C:\WINDOWS\SYSTEM32\bcrypt.dll
0x00007ffde91c0000 - 0x00007ffde91cc000 	C:\WINDOWS\SYSTEM32\CRYPTBASE.dll
0x00007ffde85e0000 - 0x00007ffde860d000 	C:\WINDOWS\SYSTEM32\IPHLPAPI.DLL
0x00007ffdec470000 - 0x00007ffdec479000 	C:\WINDOWS\System32\NSI.dll
0x00007ffde27b0000 - 0x00007ffde27c9000 	C:\WINDOWS\SYSTEM32\dhcpcsvc6.DLL
0x00007ffde2750000 - 0x00007ffde276f000 	C:\WINDOWS\SYSTEM32\dhcpcsvc.DLL
0x00007ffde8650000 - 0x00007ffde8742000 	C:\WINDOWS\SYSTEM32\DNSAPI.dll

dbghelp: loaded successfully - version: 4.0.5 - missing functions: none
symbol engine: initialized successfully - sym options: 0x614 - pdb path: .;C:\Program Files\OpenJDK\openjdk-11.0.15_10\bin;C:\WINDOWS\SYSTEM32;C:\WINDOWS\WinSxS\amd64_microsoft.windows.common-controls_6595b64144ccf1df_6.0.22621.608_none_a9444ca7c10bb01d;C:\Program Files\OpenJDK\openjdk-11.0.15_10\bin\server;C:\Users\min01\.gradle\native\e1d6ef7f7dcc3fd88c89a11ec53ec762bb8ba0a96d01ffa2cd45eb1d1d8dd5c5\windows-amd64;C:\Users\min01\.gradle\native\0d407fdbe67a94daf76414ababcb853783967236a71b16ec16e742cd7a986fd3\windows-amd64

VM Arguments:
jvm_args: -XX:MaxMetaspaceSize=512m --add-opens=java.base/java.util=ALL-UNNAMED --add-opens=java.base/java.lang=ALL-UNNAMED --add-opens=java.base/java.lang.invoke=ALL-UNNAMED --add-opens=java.base/java.util=ALL-UNNAMED --add-opens=java.prefs/java.util.prefs=ALL-UNNAMED --add-opens=java.prefs/java.util.prefs=ALL-UNNAMED --add-opens=java.base/java.nio.charset=ALL-UNNAMED --add-opens=java.base/java.net=ALL-UNNAMED --add-opens=java.base/java.util.concurrent.atomic=ALL-UNNAMED -Xmx2048m -Dfile.encoding=x-windows-949 -Duser.country=KR -Duser.language=ko -Duser.variant 
java_command: org.gradle.launcher.daemon.bootstrap.GradleDaemon 7.5.1
java_class_path (initial): C:\Users\min01\.gradle\wrapper\dists\gradle-7.5.1-all\1ehga6e77gqps5uk2kc5kf1vc\gradle-7.5.1\lib\gradle-launcher-7.5.1.jar
Launcher Type: SUN_STANDARD

[Global flags]
     intx CICompilerCount                          = 4                                         {product} {ergonomic}
   size_t CompressedClassSpaceSize                 = 528482304                                 {product} {ergonomic}
     uint ConcGCThreads                            = 2                                         {product} {ergonomic}
     uint G1ConcRefinementThreads                  = 8                                         {product} {ergonomic}
   size_t G1HeapRegionSize                         = 1048576                                   {product} {ergonomic}
    uintx GCDrainStackTargetSize                   = 64                                        {product} {ergonomic}
   size_t InitialHeapSize                          = 132120576                                 {product} {ergonomic}
   size_t MarkStackSize                            = 4194304                                   {product} {ergonomic}
   size_t MaxHeapSize                              = 2147483648                                {product} {command line}
   size_t MaxMetaspaceSize                         = 536870912                                 {product} {command line}
   size_t MaxNewSize                               = 1287651328                                {product} {ergonomic}
   size_t MinHeapDeltaBytes                        = 1048576                                   {product} {ergonomic}
    uintx NonNMethodCodeHeapSize                   = 5836300                                {pd product} {ergonomic}
    uintx NonProfiledCodeHeapSize                  = 122910970                              {pd product} {ergonomic}
    uintx ProfiledCodeHeapSize                     = 122910970                              {pd product} {ergonomic}
    uintx ReservedCodeCacheSize                    = 251658240                              {pd product} {ergonomic}
     bool SegmentedCodeCache                       = true                                      {product} {ergonomic}
     bool UseCompressedClassPointers               = true                                 {lp64_product} {ergonomic}
     bool UseCompressedOops                        = true                                 {lp64_product} {ergonomic}
     bool UseG1GC                                  = true                                      {product} {ergonomic}
     bool UseLargePagesIndividualAllocation        = false                                  {pd product} {ergonomic}

Logging:
Log output configuration:
 #0: stdout all=warning uptime,level,tags
 #1: stderr all=off uptime,level,tags

Environment Variables:
JAVA_HOME=C:\Program Files\OpenJDK\openjdk-11.0.15_10
CLASSPATH=C:\Users\min01\Documents\GitHub\Alwida_APP\android\\gradle\wrapper\gradle-wrapper.jar
PATH=C:\Users\min01\Documents\GitHub\Alwida_APP\android\node_modules\.bin;C:\Users\min01\Documents\GitHub\Alwida_APP\node_modules\.bin;C:\Users\min01\Documents\GitHub\node_modules\.bin;C:\Users\min01\Documents\node_modules\.bin;C:\Users\min01\node_modules\.bin;C:\Users\node_modules\.bin;C:\node_modules\.bin;C:\Program Files\nodejs;C:\Users\min01\Documents\GitHub\Alwida_APP\node_modules\.bin;C:\Users\min01\Documents\GitHub\Alwida_APP\node_modules\.bin;C:\Users\min01\Documents\GitHub\node_modules\.bin;C:\Users\min01\Documents\node_modules\.bin;C:\Users\min01\node_modules\.bin;C:\Users\node_modules\.bin;C:\node_modules\.bin;C:\Users\min01\AppData\Roaming\npm\node_modules\npm\node_modules\@npmcli\run-script\lib\node-gyp-bin;C:\Users\min01\bin;C:\Program Files\Git\mingw64\bin;C:\Program Files\Git\usr\local\bin;C:\Program Files\Git\usr\bin;C:\Program Files\Git\usr\bin;C:\Program Files\Git\mingw64\bin;C:\Program Files\Git\usr\bin;C:\Users\min01\bin;C:\Program Files (x86)\Intel\Intel(R) Management Engine Components\iCLS;C:\Program Files\Intel\Intel(R) Management Engine Components\iCLS;C:\WINDOWS\system32;C:\WINDOWS;C:\WINDOWS\System32\Wbem;C:\WINDOWS\System32\WindowsPowerShell\v1.0;C:\WINDOWS\System32\OpenSSH;C:\Program Files (x86)\Intel\Intel(R) Management Engine Components\DAL;C:\Program Files\Intel\Intel(R) Management Engine Components\DAL;C:\Program Files\Git\cmd;C:\ProgramData\chocolatey\bin;C:\Program Files\OpenJDK\openjdk-11.0.15_10\bin;C:\Program Files\nodejs;C:\MinGW\bin;C:\Program Files\dotnet;C:\Users\min01\AppData\Local\Programs\Python\Python310\Scripts;C:\Users\min01\AppData\Local\Programs\Python\Python310;C:\Users\min01\AppData\Local\Microsoft\WindowsApps;C:\Users\min01\AppData\Local\Programs\Microsoft VS Code\bin;C:\Users\min01\AppData\Local\Android\Sdk\platform-tools;C:\Program Files\JetBrains\DataGrip 2022.1.4\bin;C:\Users\min01\AppData\Roaming\npm;C:\Program Files\Git\usr\bin\vendor_perl;C:\Program Files\Git\usr\bin\core_perl
USERNAME=min01
SHELL=C:\Program Files\Git\usr\bin\bash.exe
DISPLAY=needs-to-be-defined
LANG=en_US.UTF-8
OS=Windows_NT
PROCESSOR_IDENTIFIER=Intel64 Family 6 Model 142 Stepping 12, GenuineIntel



---------------  S Y S T E M  ---------------

OS: Windows 11 , 64 bit Build 22621 (10.0.22621.963)
OS uptime: 5 days 5:31 hours

CPU:total 8 (initial active 8) (4 cores per cpu, 2 threads per core) family 6 model 142 stepping 12 microcode 0xde, cmov, cx8, fxsr, mmx, sse, sse2, sse3, ssse3, sse4.1, sse4.2, popcnt, avx, avx2, aes, clmul, erms, 3dnowpref, lzcnt, ht, tsc, tscinvbit, bmi1, bmi2, adx, fma

Memory: 4k page, system-wide physical 7986M (510M free)
TotalPageFile size 32562M (AvailPageFile size 5M)
current process WorkingSet (physical memory assigned to process): 173M, peak: 173M
current process commit charge ("private bytes"): 270M, peak: 271M

vm_info: OpenJDK 64-Bit Server VM (11.0.15+10) for windows-amd64 JRE (11.0.15+10), built on Apr 21 2022 21:29:46 by "tester" with MS VC++ 15.5 (VS2017)

END.
